c:\users\ali abdallah\sssss\data-structure\datastructure\debug\vc142.pdb
c:\users\ali abdallah\sssss\data-structure\datastructure\debug\vc142.idb
c:\users\ali abdallah\sssss\data-structure\datastructure\debug\vertex.obj
c:\users\ali abdallah\sssss\data-structure\datastructure\debug\source.obj
c:\users\ali abdallah\sssss\data-structure\datastructure\debug\graph.obj
c:\users\ali abdallah\sssss\data-structure\datastructure\debug\edge.obj
c:\users\ali abdallah\sssss\data-structure\debug\datastructure.pdb
c:\users\ali abdallah\sssss\data-structure\datastructure\debug\datastructure.tlog\cl.command.1.tlog
c:\users\ali abdallah\sssss\data-structure\datastructure\debug\datastructure.tlog\cl.read.1.tlog
c:\users\ali abdallah\sssss\data-structure\datastructure\debug\datastructure.tlog\cl.write.1.tlog
c:\users\ali abdallah\sssss\data-structure\datastructure\debug\datastructure.tlog\link-cvtres.read.1.tlog
c:\users\ali abdallah\sssss\data-structure\datastructure\debug\datastructure.tlog\link-cvtres.write.1.tlog
c:\users\ali abdallah\sssss\data-structure\datastructure\debug\datastructure.tlog\link-rc.read.1.tlog
c:\users\ali abdallah\sssss\data-structure\datastructure\debug\datastructure.tlog\link-rc.write.1.tlog
c:\users\ali abdallah\sssss\data-structure\datastructure\debug\datastructure.tlog\link.23108-cvtres.read.1.tlog
c:\users\ali abdallah\sssss\data-structure\datastructure\debug\datastructure.tlog\link.23108-cvtres.write.1.tlog
c:\users\ali abdallah\sssss\data-structure\datastructure\debug\datastructure.tlog\link.23108-rc.read.1.tlog
c:\users\ali abdallah\sssss\data-structure\datastructure\debug\datastructure.tlog\link.23108-rc.write.1.tlog
c:\users\ali abdallah\sssss\data-structure\datastructure\debug\datastructure.tlog\link.23108.read.1.tlog
c:\users\ali abdallah\sssss\data-structure\datastructure\debug\datastructure.tlog\link.23108.write.1.tlog
c:\users\ali abdallah\sssss\data-structure\datastructure\debug\datastructure.tlog\link.command.1.tlog
c:\users\ali abdallah\sssss\data-structure\datastructure\debug\datastructure.tlog\link.read.1.tlog
c:\users\ali abdallah\sssss\data-structure\datastructure\debug\datastructure.tlog\link.write.1.tlog
